{
  "RSpec": {
    "coverage": {
      "/Users/Ed/Projects/takeaway/lib/customer.rb": [
        1,
        null,
        1,
        null,
        1,
        2,
        2,
        null,
        null,
        null
      ],
      "/Users/Ed/Projects/takeaway/lib/dish.rb": [
        1,
        null,
        1,
        null,
        1,
        2,
        2,
        null,
        null,
        null
      ],
      "/Users/Ed/Projects/takeaway/lib/line_item.rb": [
        1,
        null,
        1,
        null,
        1,
        4,
        4,
        4,
        4,
        null,
        null,
        null
      ],
      "/Users/Ed/Projects/takeaway/lib/menu.rb": [
        1,
        null,
        1,
        null,
        1,
        2,
        null,
        null,
        1,
        4,
        null,
        null,
        1,
        1,
        null,
        null,
        null
      ],
      "/Users/Ed/Projects/takeaway/lib/order.rb": [
        1,
        null,
        1,
        null,
        1,
        3,
        3,
        null,
        null,
        3,
        3,
        null,
        null,
        1,
        5,
        5,
        null,
        null,
        1,
        1,
        null,
        null,
        null
      ],
      "/Users/Ed/Projects/takeaway/lib/takeaway.rb": [
        1,
        null,
        1,
        null,
        1,
        1,
        1,
        1,
        1,
        null,
        1,
        null,
        1,
        4,
        4,
        null,
        null,
        1,
        3,
        2,
        1,
        1,
        null,
        null,
        null,
        null,
        null,
        1,
        3,
        null,
        null,
        1,
        2,
        null,
        null,
        1,
        1,
        1,
        null,
        null,
        null,
        null,
        null,
        null,
        null
      ]
    },
    "timestamp": 1424348596
  }
}
